#
# There is insufficient memory for the Java Runtime Environment to continue.
# Native memory allocation (mmap) failed to map 536870912 bytes for G1 virtual space
# Possible reasons:
#   The system is out of physical RAM or swap space
#   The process is running with CompressedOops enabled, and the Java Heap may be blocking the growth of the native heap
# Possible solutions:
#   Reduce memory load on the system
#   Increase physical memory or swap space
#   Check if swap backing store is full
#   Decrease Java heap size (-Xmx/-Xms)
#   Decrease number of Java threads
#   Decrease Java thread stack sizes (-Xss)
#   Set larger code cache with -XX:ReservedCodeCacheSize=
#   JVM is running with Zero Based Compressed Oops mode in which the Java heap is
#     placed in the first 32GB address space. The Java Heap base address is the
#     maximum limit for the native heap growth. Please use -XX:HeapBaseMinAddress
#     to set the Java Heap base and to place the Java Heap above 32GB virtual address.
# This output file may be truncated or incomplete.
#
#  Out of Memory Error (os_windows.cpp:3532), pid=21988, tid=28248
#
# JRE version:  (17.0.2+8) (build )
# Java VM: Java HotSpot(TM) 64-Bit Server VM (17.0.2+8-LTS-86, mixed mode, sharing, tiered, compressed oops, compressed class ptrs, g1 gc, windows-amd64)
# No core dump will be written. Minidumps are not enabled by default on client versions of Windows
#

---------------  S U M M A R Y ------------

Command Line: --enable-preview -javaagent:C:\Program Files\JetBrains\IntelliJ IDEA 2022.1.2\lib\idea_rt.jar=52677:C:\Program Files\JetBrains\IntelliJ IDEA 2022.1.2\bin -Dfile.encoding=UTF-8 com.javarush.games.minigames.mini05.RainbowGame

Host: Intel(R) Core(TM) i7-4790K CPU @ 4.00GHz, 8 cores, 31G,  Windows 10 , 64 bit Build 19041 (10.0.19041.2546)
Time: Tue Apr 11 21:18:54 2023 RTZ 2 (s 10 , 64 bit Build 19041 (10.0.19041.2546) elapsed time: 0.010294 seconds (0d 0h 0m 0s)

---------------  T H R E A D  ---------------

Current thread (0x0000020e380be0c0):  JavaThread "Unknown thread" [_thread_in_vm, id=28248, stack(0x000000f663200000,0x000000f663300000)]

Stack: [0x000000f663200000,0x000000f663300000]
Native frames: (J=compiled Java code, j=interpreted, Vv=VM code, C=native code)
V  [jvm.dll+0x670baa]
V  [jvm.dll+0x7cfcb4]
V  [jvm.dll+0x7d145e]
V  [jvm.dll+0x7d1ac3]
V  [jvm.dll+0x242bc5]
V  [jvm.dll+0x66dac9]
V  [jvm.dll+0x662412]
V  [jvm.dll+0x300c0b]
V  [jvm.dll+0x3081a6]
V  [jvm.dll+0x357d0e]
V  [jvm.dll+0x357f3f]
V  [jvm.dll+0x2d7ec8]
V  [jvm.dll+0x2d8e34]
V  [jvm.dll+0x7a18c1]
V  [jvm.dll+0x365a91]
V  [jvm.dll+0x780d2c]
V  [jvm.dll+0x3e845f]
V  [jvm.dll+0x3e9f01]
C  [jli.dll+0x527b]
C  [ucrtbase.dll+0x21bb2]
C  [KERNEL32.DLL+0x17614]
C  [ntdll.dll+0x526a1]


---------------  P R O C E S S  ---------------

Threads class SMR info:
_java_thread_list=0x00007ffc83749858, length=0, elements={
}

Java Threads: ( => current thread )

Other Threads:
  0x0000020e38132bd0 GCTaskThread "GC Thread#0" [stack: 0x000000f663300000,0x000000f663400000] [id=17144]
  0x0000020e38144a20 ConcurrentGCThread "G1 Main Marker" [stack: 0x000000f663400000,0x000000f663500000] [id=12896]
  0x0000020e38145430 ConcurrentGCThread "G1 Conc#0" [stack: 0x000000f663500000,0x000000f663600000] [id=17424]

[error occurred during error reporting (printing all threads), id 0xc0000005, EXCEPTION_ACCESS_VIOLATION (0xc0000005) at pc=0x00007ffc82f988a7]

VM state: not at safepoint (not fully initialized)

VM Mutex/Monitor currently owned by a thread:  ([mutex/lock_event])
[0x0000020e380ba800] Heap_lock - owner thread: 0x0000020e380be0c0

Heap address: 0x0000000602000000, size: 8160 MB, Compressed Oops mode: Zero based, Oop shift amount: 3

CDS archive(s) mapped at: [0x0000000000000000-0x0000000000000000-0x0000000000000000), size 0, SharedBaseAddress: 0x0000000800000000, ArchiveRelocationMode: 0.
Narrow klass base: 0x0000000000000000, Narrow klass shift: 0, Narrow klass range: 0x0

GC Precious Log:
<Empty>

Heap:
 garbage-first heap   total 0K, used 0K [0x0000000602000000, 0x0000000800000000)
  region size 4096K, 0 young (0K), 0 survivors (0K)

[error occurred during error reporting (printing heap information), id 0xc0000005, EXCEPTION_ACCESS_VIOLATION (0xc0000005) at pc=0x00007ffc83379f19]

GC Heap History (0 events):
No events

Deoptimization events (0 events):
No events

Classes unloaded (0 events):
No events

Classes redefined (0 events):
No events

Internal exceptions (0 events):
No events

VM Operations (0 events):
No events

Events (1 events):
Event: 0.005 Loaded shared library C:\devProg\jdk-17.0.2\bin\java.dll


Dynamic libraries:
0x00007ff74ada0000 - 0x00007ff74adb0000 	C:\devProg\jdk-17.0.2\bin\java.exe
0x00007ffd12cd0000 - 0x00007ffd12ec8000 	C:\WINDOWS\SYSTEM32\ntdll.dll
0x00007ffd10f40000 - 0x00007ffd10fff000 	C:\WINDOWS\System32\KERNEL32.DLL
0x00007ffd10390000 - 0x00007ffd10662000 	C:\WINDOWS\System32\KERNELBASE.dll
0x00007ffd10a60000 - 0x00007ffd10b60000 	C:\WINDOWS\System32\ucrtbase.dll
0x00007ffcd5ec0000 - 0x00007ffcd5eda000 	C:\devProg\jdk-17.0.2\bin\VCRUNTIME140.dll
0x00007ffcd4f50000 - 0x00007ffcd4f68000 	C:\devProg\jdk-17.0.2\bin\jli.dll
0x00007ffd11000000 - 0x00007ffd110ae000 	C:\WINDOWS\System32\ADVAPI32.dll
0x00007ffd12750000 - 0x00007ffd127ee000 	C:\WINDOWS\System32\msvcrt.dll
0x00007ffd120f0000 - 0x00007ffd1218c000 	C:\WINDOWS\System32\sechost.dll
0x00007ffd110b0000 - 0x00007ffd111d5000 	C:\WINDOWS\System32\RPCRT4.dll
0x00007ffd11e00000 - 0x00007ffd11fa1000 	C:\WINDOWS\System32\USER32.dll
0x00007ffd10c60000 - 0x00007ffd10c82000 	C:\WINDOWS\System32\win32u.dll
0x00007ffd10ea0000 - 0x00007ffd10ecb000 	C:\WINDOWS\System32\GDI32.dll
0x00007ffd10750000 - 0x00007ffd1085f000 	C:\WINDOWS\System32\gdi32full.dll
0x00007ffcf7a00000 - 0x00007ffcf7c9a000 	C:\WINDOWS\WinSxS\amd64_microsoft.windows.common-controls_6595b64144ccf1df_6.0.19041.1110_none_60b5254171f9507e\COMCTL32.dll
0x00007ffd10860000 - 0x00007ffd108fd000 	C:\WINDOWS\System32\msvcp_win.dll
0x00007ffd0a6b0000 - 0x00007ffd0a6ba000 	C:\WINDOWS\SYSTEM32\VERSION.dll
0x00007ffd111e0000 - 0x00007ffd11212000 	C:\WINDOWS\System32\IMM32.DLL
0x00007ffd02890000 - 0x00007ffd0289c000 	C:\devProg\jdk-17.0.2\bin\vcruntime140_1.dll
0x00007ffc9cb80000 - 0x00007ffc9cc0d000 	C:\devProg\jdk-17.0.2\bin\msvcp140.dll
0x00007ffc82cb0000 - 0x00007ffc83871000 	C:\devProg\jdk-17.0.2\bin\server\jvm.dll
0x00007ffd10ed0000 - 0x00007ffd10ed8000 	C:\WINDOWS\System32\PSAPI.DLL
0x00007ffd00b80000 - 0x00007ffd00b89000 	C:\WINDOWS\SYSTEM32\WSOCK32.dll
0x00007ffd127f0000 - 0x00007ffd1285b000 	C:\WINDOWS\System32\WS2_32.dll
0x00007ffd04a20000 - 0x00007ffd04a47000 	C:\WINDOWS\SYSTEM32\WINMM.dll
0x00007ffd0e270000 - 0x00007ffd0e282000 	C:\WINDOWS\SYSTEM32\kernel.appcore.dll
0x00007ffcd67d0000 - 0x00007ffcd67da000 	C:\devProg\jdk-17.0.2\bin\jimage.dll
0x00007ffcf7df0000 - 0x00007ffcf7fd4000 	C:\WINDOWS\SYSTEM32\DBGHELP.DLL
0x00007ffcf7870000 - 0x00007ffcf78a5000 	C:\WINDOWS\SYSTEM32\dbgcore.DLL
0x00007ffd10bd0000 - 0x00007ffd10c52000 	C:\WINDOWS\System32\bcryptPrimitives.dll
0x00007ffcd6150000 - 0x00007ffcd615e000 	C:\devProg\jdk-17.0.2\bin\instrument.dll
0x00007ffcd4aa0000 - 0x00007ffcd4ac5000 	C:\devProg\jdk-17.0.2\bin\java.dll

dbghelp: loaded successfully - version: 4.0.5 - missing functions: none
symbol engine: initialized successfully - sym options: 0x614 - pdb path: .;C:\devProg\jdk-17.0.2\bin;C:\WINDOWS\SYSTEM32;C:\WINDOWS\WinSxS\amd64_microsoft.windows.common-controls_6595b64144ccf1df_6.0.19041.1110_none_60b5254171f9507e;C:\devProg\jdk-17.0.2\bin\server

VM Arguments:
jvm_args: --enable-preview -javaagent:C:\Program Files\JetBrains\IntelliJ IDEA 2022.1.2\lib\idea_rt.jar=52677:C:\Program Files\JetBrains\IntelliJ IDEA 2022.1.2\bin -Dfile.encoding=UTF-8 
java_command: com.javarush.games.minigames.mini05.RainbowGame
java_class_path (initial): C:\java\JavaRushTasks\out\production\8.Games;C:\java\JavaRushTasks\lib\desktop-game-engine.jar
Launcher Type: SUN_STANDARD

[Global flags]
     intx CICompilerCount                          = 4                                         {product} {ergonomic}
     uint ConcGCThreads                            = 2                                         {product} {ergonomic}
     uint G1ConcRefinementThreads                  = 8                                         {product} {ergonomic}
   size_t G1HeapRegionSize                         = 4194304                                   {product} {ergonomic}
    uintx GCDrainStackTargetSize                   = 64                                        {product} {ergonomic}
   size_t InitialHeapSize                          = 536870912                                 {product} {ergonomic}
   size_t MarkStackSize                            = 4194304                                   {product} {ergonomic}
   size_t MaxHeapSize                              = 8556380160                                {product} {ergonomic}
   size_t MinHeapDeltaBytes                        = 4194304                                   {product} {ergonomic}
   size_t MinHeapSize                              = 8388608                                   {product} {ergonomic}
    uintx NonNMethodCodeHeapSize                   = 5839372                                {pd product} {ergonomic}
    uintx NonProfiledCodeHeapSize                  = 122909434                              {pd product} {ergonomic}
    uintx ProfiledCodeHeapSize                     = 122909434                              {pd product} {ergonomic}
    uintx ReservedCodeCacheSize                    = 251658240                              {pd product} {ergonomic}
     bool SegmentedCodeCache                       = true                                      {product} {ergonomic}
   size_t SoftMaxHeapSize                          = 8556380160                             {manageable} {ergonomic}
     bool UseCompressedClassPointers               = true                           {product lp64_product} {ergonomic}
     bool UseCompressedOops                        = true                           {product lp64_product} {ergonomic}
     bool UseG1GC                                  = true                                      {product} {ergonomic}
     bool UseLargePagesIndividualAllocation        = false                                  {pd product} {ergonomic}

Logging:
Log output configuration:
 #0: stdout all=warning uptime,level,tags
 #1: stderr all=off uptime,level,tags

Environment Variables:
JAVA_HOME=C:\devProg\jdk-13.0.2
PATH=C:\Program Files (x86)\Common Files\Oracle\Java\javapath;C:\Program Files (x86)\VMware\VMware Workstation\bin\;C:\Program Files (x86)\Common Files\Intel\Shared Libraries\redist\intel64\compiler;C:\Windows\system32;C:\Windows;C:\Windows\System32\Wbem;C:\Windows\System32\WindowsPowerShell\v1.0\;C:\WINDOWS\system32;C:\WINDOWS;C:\WINDOWS\System32\Wbem;C:\WINDOWS\System32\WindowsPowerShell\v1.0\;C:\Program Files\dotnet\;C:\Program Files\Git\cmd;C:\Program Files\Cloudflare\Cloudflare WARP\;C:\Program Files (x86)\NVIDIA Corporation\PhysX\Common;C:\Program Files\TortoiseGit\bin;C:\Users\vxt\AppData\Local\Microsoft\WindowsApps;C:\Bin\Arc;;C:\Users\vxt\AppData\Local\Programs\Microsoft VS Code\bin;C:\Users\vxt\.dotnet\tools;C:\Program Files\JetBrains\IntelliJ IDEA 2022.1.2\bin;
USERNAME=vxt
OS=Windows_NT
PROCESSOR_IDENTIFIER=Intel64 Family 6 Model 60 Stepping 3, GenuineIntel



---------------  S Y S T E M  ---------------

OS:
 Windows 10 , 64 bit Build 19041 (10.0.19041.2546)
OS uptime: 5 days 11:36 hours

CPU: total 8 (initial active 8) (4 cores per cpu, 2 threads per core) family 6 model 60 stepping 3 microcode 0x27, cx8, cmov, fxsr, ht, mmx, sse, sse2, sse3, ssse3, sse4.1, sse4.2, popcnt, lzcnt, tsc, tscinvbit, avx, avx2, aes, erms, clmul, bmi1, bmi2, fma, vzeroupper, clflush

Memory: 4k page, system-wide physical 32628M (15816M free)
TotalPageFile size 36628M (AvailPageFile size 336M)
current process WorkingSet (physical memory assigned to process): 10M, peak: 10M
current process commit charge ("private bytes"): 60M, peak: 572M

vm_info: Java HotSpot(TM) 64-Bit Server VM (17.0.2+8-LTS-86) for windows-amd64 JRE (17.0.2+8-LTS-86), built on Dec  7 2021 21:51:03 by "mach5one" with MS VC++ 16.8 / 16.9 (VS2019)

END.
